<?xml version="1.0" encoding="UTF-8"?>
<!-- Generated by org.testng.reporters.JUnitReportReporter -->
<testsuite hostname="Mac1s-MacBook-Pro.local" failures="0" tests="1" name="baseclass.connectSSHManager" time="13.880" errors="0" timestamp="2023-11-22T16:29:18 WIB" skipped="0">
  <testcase classname="baseclass.connectSSHManager" name="TC1" time="13.880"/>
  <system-out/>
</testsuite> <!-- baseclass.connectSSHManager -->
