<?xml version="1.0" encoding="UTF-8"?>
<!-- Generated by org.testng.reporters.JUnitReportReporter -->
<testsuite hostname="Mac1s-MacBook-Pro.local" failures="0" tests="1" name="IOSDriverManager.IOSDriverManager" time="213.416" errors="0" timestamp="2023-11-14T14:12:36 WIB" skipped="0">
  <testcase classname="IOSDriverManager.IOSDriverManager" name="test" time="213.416"/>
  <system-out/>
</testsuite> <!-- IOSDriverManager.IOSDriverManager -->
