<?xml version="1.0" encoding="UTF-8"?>
<!-- Generated by org.testng.reporters.JUnitReportReporter -->
<testsuite hostname="Mac1s-MacBook-Pro.local" failures="0" tests="1" name="TestCase.TC3" time="49.043" errors="0" timestamp="2023-11-24T18:08:19 WIB" skipped="0">
  <testcase classname="TestCase.TC3" name="TC2" time="49.043"/>
  <system-out/>
</testsuite> <!-- TestCase.TC3 -->
