<?xml version="1.0" encoding="UTF-8"?>
<!-- Generated by org.testng.reporters.JUnitReportReporter -->
<testsuite hostname="Mac1s-MacBook-Pro.local" failures="0" tests="1" name="baseclass.connectSSHManager" time="23.014" errors="0" timestamp="2023-11-24T14:54:38 WIB" skipped="0">
  <testcase classname="baseclass.connectSSHManager" name="main" time="23.014"/>
  <system-out/>
</testsuite> <!-- baseclass.connectSSHManager -->
