<?xml version="1.0" encoding="UTF-8"?>
<!-- Generated by org.testng.reporters.JUnitReportReporter -->
<testsuite hostname="Mac1s-MacBook-Pro.local" failures="0" tests="1" name="appiumtest.SSHManager" time="5.063" errors="0" timestamp="2023-11-21T14:30:53 WIB" skipped="0">
  <testcase classname="appiumtest.SSHManager" name="closeSSHTunnel" time="5.063"/>
  <system-out/>
</testsuite> <!-- appiumtest.SSHManager -->
