<?xml version="1.0" encoding="UTF-8"?>
<!-- Generated by org.testng.reporters.JUnitReportReporter -->
<testsuite hostname="Mac1s-MacBook-Pro.local" failures="0" tests="1" name="OTP.OTP" time="5.073" errors="0" timestamp="2023-11-20T15:43:27 WIB" skipped="0">
  <testcase classname="OTP.OTP" name="OTP1" time="5.073"/>
  <system-out/>
</testsuite> <!-- OTP.OTP -->
