<?xml version="1.0" encoding="UTF-8"?>
<!-- Generated by org.testng.reporters.JUnitReportReporter -->
<testsuite hostname="Mac1s-MacBook-Pro.local" failures="0" tests="1" name="appiumtest.TestClass" time="26.530" errors="0" timestamp="2023-11-24T18:10:03 WIB" skipped="0">
  <testcase classname="appiumtest.TestClass" name="main" time="26.530"/>
  <system-out/>
</testsuite> <!-- appiumtest.TestClass -->
