<?xml version="1.0" encoding="UTF-8"?>
<!-- Generated by org.testng.reporters.JUnitReportReporter -->
<testsuite hostname="Mac1s-MacBook-Pro.local" failures="0" tests="1" name="baseclass.TC2" time="106.676" errors="0" timestamp="2023-11-18T15:54:42 WIB" skipped="0">
  <testcase classname="baseclass.TC2" name="TC1" time="106.676"/>
  <system-out/>
</testsuite> <!-- baseclass.TC2 -->
